INFO 2026-03-31 13:20:15,571 autoreload 35944 1352 Watching for file changes with StatReloader
INFO 2026-03-31 13:20:21,654 log 35944 9356 "GET / HTTP/1.1" 200 10592
INFO 2026-03-31 13:20:21,904 log 35944 9356 "GET /static/quizapp/css/styles.css?v=1774943421 HTTP/1.1" 200 16132
INFO 2026-03-31 13:20:28,553 log 35944 9356 "GET /quizzes/ HTTP/1.1" 200 9965
INFO 2026-03-31 13:20:28,581 log 35944 9356 "GET /static/quizapp/css/styles.css?v=1774943428 HTTP/1.1" 200 16132
INFO 2026-03-31 13:20:34,865 log 35944 9356 "GET /quizzes/?page=2 HTTP/1.1" 200 8115
INFO 2026-03-31 13:20:34,891 log 35944 9356 "GET /static/quizapp/css/styles.css?v=1774943434 HTTP/1.1" 200 16132
INFO 2026-03-31 13:20:38,823 log 35944 9356 "GET /admin/ HTTP/1.1" 200 9542
INFO 2026-03-31 13:20:43,766 log 35944 9356 "POST /logout/ HTTP/1.1" 302 0
INFO 2026-03-31 13:20:43,789 log 35944 9356 "GET / HTTP/1.1" 200 10271
INFO 2026-03-31 13:20:43,819 log 35944 9356 "GET /static/quizapp/css/styles.css?v=1774943443 HTTP/1.1" 200 16132
INFO 2026-03-31 13:22:31,083 autoreload 11452 34748 Watching for file changes with StatReloader
INFO 2026-03-31 13:22:57,895 autoreload 33096 17764 Watching for file changes with StatReloader
INFO 2026-03-31 13:25:16,962 autoreload 33096 17764 C:\Users\Sai sidharth\quizapp\quizproject\quizapp\views.py changed, reloading.
INFO 2026-03-31 13:25:18,563 autoreload 11896 26512 Watching for file changes with StatReloader
INFO 2026-03-31 13:25:22,003 autoreload 14856 24520 Watching for file changes with StatReloader
INFO 2026-03-31 13:25:28,533 log 14856 29584 "GET / HTTP/1.1" 200 10271
INFO 2026-03-31 13:25:28,774 log 14856 29584 "GET /static/quizapp/css/styles.css?v=1774943728 HTTP/1.1" 200 16132
INFO 2026-03-31 13:25:33,466 log 14856 29584 "GET /login/ HTTP/1.1" 200 7706
INFO 2026-03-31 13:25:33,492 log 14856 29584 "GET /static/quizapp/css/styles.css?v=1774943733 HTTP/1.1" 200 16132
INFO 2026-03-31 13:25:37,590 log 14856 29584 "POST /login/ HTTP/1.1" 302 0
INFO 2026-03-31 13:25:37,626 log 14856 29584 "GET / HTTP/1.1" 200 10592
INFO 2026-03-31 13:25:37,666 log 14856 29584 "GET /static/quizapp/css/styles.css?v=1774943737 HTTP/1.1" 200 16132
INFO 2026-03-31 13:25:40,256 log 14856 29584 "GET /quizzes/ HTTP/1.1" 200 10208
INFO 2026-03-31 13:25:40,290 log 14856 29584 "GET /static/quizapp/css/styles.css?v=1774943740 HTTP/1.1" 200 16132
WARNING 2026-03-31 13:25:42,853 log 14856 29584 Not Found: /admin/quiz/quiz/create/
WARNING 2026-03-31 13:25:42,854 log 14856 29584 "GET /admin/quiz/quiz/create/ HTTP/1.1" 404 6738
INFO 2026-03-31 13:26:28,641 autoreload 14856 24520 C:\Users\Sai sidharth\quizapp\quizproject\quizapp\admin_urls.py changed, reloading.
INFO 2026-03-31 13:26:29,300 autoreload 11896 26512 C:\Users\Sai sidharth\quizapp\quizproject\quizapp\admin_urls.py changed, reloading.
INFO 2026-03-31 13:26:30,044 autoreload 15140 33372 Watching for file changes with StatReloader
INFO 2026-03-31 13:26:30,761 autoreload 12452 26084 Watching for file changes with StatReloader
INFO 2026-03-31 13:26:54,880 autoreload 26512 9916 Watching for file changes with StatReloader
INFO 2026-03-31 13:27:49,340 autoreload 12452 26084 C:\Users\Sai sidharth\quizapp\quizproject\quizapp\admin_urls.py changed, reloading.
INFO 2026-03-31 13:27:49,686 autoreload 15140 33372 C:\Users\Sai sidharth\quizapp\quizproject\quizapp\admin_urls.py changed, reloading.
INFO 2026-03-31 13:27:50,157 autoreload 26512 9916 C:\Users\Sai sidharth\quizapp\quizproject\quizapp\admin_urls.py changed, reloading.
INFO 2026-03-31 13:27:50,694 autoreload 12432 34068 Watching for file changes with StatReloader
INFO 2026-03-31 13:27:50,979 autoreload 1352 35828 Watching for file changes with StatReloader
INFO 2026-03-31 13:27:51,643 autoreload 24072 33460 Watching for file changes with StatReloader
INFO 2026-03-31 13:27:56,667 log 1352 34188 "GET / HTTP/1.1" 200 10592
INFO 2026-03-31 13:27:56,941 log 1352 34188 "GET /static/quizapp/css/styles.css?v=1774943876 HTTP/1.1" 200 16132
INFO 2026-03-31 13:28:01,775 log 1352 34188 "GET /quizzes/ HTTP/1.1" 200 10203
INFO 2026-03-31 13:28:01,805 log 1352 34188 "GET /static/quizapp/css/styles.css?v=1774943881 HTTP/1.1" 200 16132
WARNING 2026-03-31 13:28:04,978 log 1352 34188 Not Found: /admin/quiz/create/
WARNING 2026-03-31 13:28:04,980 log 1352 34188 "GET /admin/quiz/create/ HTTP/1.1" 404 6723
INFO 2026-03-31 13:28:56,185 autoreload 12432 34068 C:\Users\Sai sidharth\quizapp\quizproject\quizproject\urls.py changed, reloading.
INFO 2026-03-31 13:28:56,189 autoreload 24072 33460 C:\Users\Sai sidharth\quizapp\quizproject\quizproject\urls.py changed, reloading.
INFO 2026-03-31 13:28:57,694 autoreload 15036 29680 Watching for file changes with StatReloader
INFO 2026-03-31 13:28:57,698 autoreload 33840 10200 Watching for file changes with StatReloader
INFO 2026-03-31 13:29:16,437 autoreload 10452 27936 Watching for file changes with StatReloader
INFO 2026-03-31 13:29:53,163 autoreload 15036 29680 C:\Users\Sai sidharth\quizapp\quizproject\quizproject\urls.py changed, reloading.
INFO 2026-03-31 13:29:53,248 autoreload 10452 27936 C:\Users\Sai sidharth\quizapp\quizproject\quizproject\urls.py changed, reloading.
INFO 2026-03-31 13:29:53,302 autoreload 33840 10200 C:\Users\Sai sidharth\quizapp\quizproject\quizproject\urls.py changed, reloading.
INFO 2026-03-31 13:29:54,617 autoreload 33796 14856 Watching for file changes with StatReloader
INFO 2026-03-31 13:29:54,725 autoreload 11240 22744 Watching for file changes with StatReloader
INFO 2026-03-31 13:29:54,752 autoreload 35652 32092 Watching for file changes with StatReloader
INFO 2026-03-31 13:30:31,345 autoreload 11416 33244 Watching for file changes with StatReloader
INFO 2026-03-31 13:30:53,220 log 11416 34188 "GET / HTTP/1.1" 200 10592
INFO 2026-03-31 13:30:53,461 log 11416 34188 "GET /static/quizapp/css/styles.css?v=1774944053 HTTP/1.1" 200 16132
INFO 2026-03-31 13:31:00,957 log 11416 34188 "GET /quizzes/ HTTP/1.1" 200 10203
INFO 2026-03-31 13:31:00,986 log 11416 34188 "GET /static/quizapp/css/styles.css?v=1774944060 HTTP/1.1" 200 16132
INFO 2026-03-31 13:31:03,117 log 11416 34188 "GET /admin/quiz/create/ HTTP/1.1" 200 8503
INFO 2026-03-31 13:31:03,146 log 11416 34188 "GET /static/quizapp/css/styles.css?v=1774944063 HTTP/1.1" 200 16132
ERROR 2026-03-31 13:31:21,285 log 11416 34188 Internal Server Error: /admin/quiz/
Traceback (most recent call last):
  File "C:\Users\Sai sidharth\quizapp\quiz\Lib\site-packages\django\core\handlers\exception.py", line 55, in inner
    response = get_response(request)
               ^^^^^^^^^^^^^^^^^^^^^
  File "C:\Users\Sai sidharth\quizapp\quiz\Lib\site-packages\django\core\handlers\base.py", line 198, in _get_response
    response = wrapped_callback(request, *callback_args, **callback_kwargs)
               ^^^^^^^^^^^^^^^^^^^^^^^^^^^^^^^^^^^^^^^^^^^^^^^^^^^^^^^^^^^^
  File "C:\Users\Sai sidharth\quizapp\quiz\Lib\site-packages\django\contrib\auth\decorators.py", line 59, in _view_wrapper
    return view_func(request, *args, **kwargs)
           ^^^^^^^^^^^^^^^^^^^^^^^^^^^^^^^^^^^
  File "C:\Users\Sai sidharth\quizapp\quizproject\quizapp\admin_views.py", line 40, in admin_dashboard
    quizzes = Quiz.objects.annotate(
              ^^^^^^^^^^^^^^^^^^^^^^
  File "C:\Users\Sai sidharth\quizapp\quiz\Lib\site-packages\django\db\models\manager.py", line 87, in manager_method
    return getattr(self.get_queryset(), name)(*args, **kwargs)
           ^^^^^^^^^^^^^^^^^^^^^^^^^^^^^^^^^^^^^^^^^^^^^^^^^^^
  File "C:\Users\Sai sidharth\quizapp\quiz\Lib\site-packages\django\db\models\query.py", line 1699, in annotate
    return self._annotate(args, kwargs, select=True)
           ^^^^^^^^^^^^^^^^^^^^^^^^^^^^^^^^^^^^^^^^^
  File "C:\Users\Sai sidharth\quizapp\quiz\Lib\site-packages\django\db\models\query.py", line 1751, in _annotate
    clone.query.add_annotation(
  File "C:\Users\Sai sidharth\quizapp\quiz\Lib\site-packages\django\db\models\sql\query.py", line 1247, in add_annotation
    annotation = annotation.resolve_expression(self, allow_joins=True, reuse=None)
                 ^^^^^^^^^^^^^^^^^^^^^^^^^^^^^^^^^^^^^^^^^^^^^^^^^^^^^^^^^^^^^^^^^
  File "C:\Users\Sai sidharth\quizapp\quiz\Lib\site-packages\django\db\models\aggregates.py", line 261, in resolve_expression
    result = super().resolve_expression(*args, **kwargs)
             ^^^^^^^^^^^^^^^^^^^^^^^^^^^^^^^^^^^^^^^^^^^
  File "C:\Users\Sai sidharth\quizapp\quiz\Lib\site-packages\django\db\models\aggregates.py", line 122, in resolve_expression
    c = super().resolve_expression(query, allow_joins, reuse, summarize)
        ^^^^^^^^^^^^^^^^^^^^^^^^^^^^^^^^^^^^^^^^^^^^^^^^^^^^^^^^^^^^^^^^
  File "C:\Users\Sai sidharth\quizapp\quiz\Lib\site-packages\django\db\models\expressions.py", line 301, in resolve_expression
    expr.resolve_expression(query, allow_joins, reuse, summarize, for_save)
  File "C:\Users\Sai sidharth\quizapp\quiz\Lib\site-packages\django\db\models\expressions.py", line 904, in resolve_expression
    return query.resolve_ref(self.name, allow_joins, reuse, summarize)
           ^^^^^^^^^^^^^^^^^^^^^^^^^^^^^^^^^^^^^^^^^^^^^^^^^^^^^^^^^^^
  File "C:\Users\Sai sidharth\quizapp\quiz\Lib\site-packages\django\db\models\sql\query.py", line 2087, in resolve_ref
    join_info = self.setup_joins(
                ^^^^^^^^^^^^^^^^^
  File "C:\Users\Sai sidharth\quizapp\quiz\Lib\site-packages\django\db\models\sql\query.py", line 1937, in setup_joins
    path, final_field, targets, rest = self.names_to_path(
                                       ^^^^^^^^^^^^^^^^^^^
  File "C:\Users\Sai sidharth\quizapp\quiz\Lib\site-packages\django\db\models\sql\query.py", line 1842, in names_to_path
    raise FieldError(
django.core.exceptions.FieldError: Cannot resolve keyword 'question' into field. Choices are: adminauditlog, attempts, created_at, description, id, is_active, question_batches, questions, time_limit, title, updated_at, upload_sessions, versions
ERROR 2026-03-31 13:31:21,295 log 11416 34188 "GET /admin/quiz/ HTTP/1.1" 500 138866
INFO 2026-03-31 13:32:03,315 autoreload 35652 32092 C:\Users\Sai sidharth\quizapp\quizproject\quizapp\admin_views.py changed, reloading.
INFO 2026-03-31 13:32:03,347 autoreload 33796 14856 C:\Users\Sai sidharth\quizapp\quizproject\quizapp\admin_views.py changed, reloading.
INFO 2026-03-31 13:32:03,412 autoreload 11240 22744 C:\Users\Sai sidharth\quizapp\quizproject\quizapp\admin_views.py changed, reloading.
INFO 2026-03-31 13:32:04,882 autoreload 28960 6892 Watching for file changes with StatReloader
INFO 2026-03-31 13:32:04,916 autoreload 34188 17276 Watching for file changes with StatReloader
INFO 2026-03-31 13:32:04,979 autoreload 32844 14048 Watching for file changes with StatReloader
INFO 2026-03-31 13:32:21,182 autoreload 35032 15220 Watching for file changes with StatReloader
INFO 2026-03-31 13:33:48,903 autoreload 35196 32368 Watching for file changes with StatReloader
INFO 2026-03-31 13:35:03,220 autoreload 35032 15220 C:\Users\Sai sidharth\quizapp\quizproject\quizapp\admin_views.py changed, reloading.
INFO 2026-03-31 13:35:03,235 autoreload 28960 6892 C:\Users\Sai sidharth\quizapp\quizproject\quizapp\admin_views.py changed, reloading.
INFO 2026-03-31 13:35:03,319 autoreload 32844 14048 C:\Users\Sai sidharth\quizapp\quizproject\quizapp\admin_views.py changed, reloading.
INFO 2026-03-31 13:35:03,327 autoreload 34188 17276 C:\Users\Sai sidharth\quizapp\quizproject\quizapp\admin_views.py changed, reloading.
INFO 2026-03-31 13:35:03,450 autoreload 35196 32368 C:\Users\Sai sidharth\quizapp\quizproject\quizapp\admin_views.py changed, reloading.
INFO 2026-03-31 13:35:04,839 autoreload 32712 23492 Watching for file changes with StatReloader
INFO 2026-03-31 13:35:04,859 autoreload 32164 21176 Watching for file changes with StatReloader
INFO 2026-03-31 13:35:04,944 autoreload 25440 12788 Watching for file changes with StatReloader
INFO 2026-03-31 13:35:04,946 autoreload 9276 34832 Watching for file changes with StatReloader
INFO 2026-03-31 13:35:05,059 autoreload 16044 30804 Watching for file changes with StatReloader
INFO 2026-03-31 13:35:20,417 autoreload 12880 23876 Watching for file changes with StatReloader
INFO 2026-03-31 13:35:25,741 log 12880 34296 "GET / HTTP/1.1" 200 10592
INFO 2026-03-31 13:35:26,026 log 12880 34296 "GET /static/quizapp/css/styles.css?v=1774944325 HTTP/1.1" 200 16132
INFO 2026-03-31 13:35:31,754 log 12880 34296 "GET /quizzes/ HTTP/1.1" 200 10203
INFO 2026-03-31 13:35:31,784 log 12880 34296 "GET /static/quizapp/css/styles.css?v=1774944331 HTTP/1.1" 200 16132
INFO 2026-03-31 13:35:33,724 log 12880 34296 "GET /admin/quiz/create/ HTTP/1.1" 200 8503
INFO 2026-03-31 13:35:33,756 log 12880 34296 "GET /static/quizapp/css/styles.css?v=1774944333 HTTP/1.1" 200 16132
INFO 2026-03-31 13:36:13,328 log 12880 34296 "GET /admin/quiz HTTP/1.1" 301 0
INFO 2026-03-31 13:36:13,383 log 12880 34296 "GET /admin/quiz/ HTTP/1.1" 200 16707
INFO 2026-03-31 13:36:13,439 log 12880 34296 "GET /static/quizapp/css/styles.css?v=1774944373 HTTP/1.1" 200 16132
INFO 2026-03-31 13:39:32,706 autoreload 33888 34452 Watching for file changes with StatReloader
INFO 2026-03-31 13:40:26,055 autoreload 35392 2596 Watching for file changes with StatReloader
INFO 2026-03-31 13:40:31,372 log 35392 20492 "GET / HTTP/1.1" 200 10592
INFO 2026-03-31 13:40:31,643 log 35392 20492 "GET /static/quizapp/css/styles.css?v=1774944631 HTTP/1.1" 200 16132
INFO 2026-03-31 13:40:36,730 log 35392 20492 "GET /admin/quiz/ HTTP/1.1" 200 16645
INFO 2026-03-31 13:40:36,763 log 35392 20492 "GET /static/quizapp/css/styles.css?v=1774944636 HTTP/1.1" 200 16132
INFO 2026-03-31 13:41:05,474 log 35392 20492 "GET /admin/ HTTP/1.1" 200 9542
INFO 2026-03-31 13:41:10,199 log 35392 20492 "GET /admin/quiz HTTP/1.1" 301 0
INFO 2026-03-31 13:41:10,228 log 35392 20492 "GET /admin/quiz/ HTTP/1.1" 200 16645
INFO 2026-03-31 13:41:10,257 log 35392 20492 "GET /static/quizapp/css/styles.css?v=1774944670 HTTP/1.1" 200 16132
INFO 2026-03-31 13:43:09,823 autoreload 26408 33452 Watching for file changes with StatReloader
INFO 2026-03-31 13:44:30,278 autoreload 36048 10812 Watching for file changes with StatReloader
INFO 2026-03-31 13:44:35,752 log 36048 32612 "GET / HTTP/1.1" 200 10592
INFO 2026-03-31 13:44:36,036 log 36048 32612 "GET /static/quizapp/css/styles.css?v=1774944875 HTTP/1.1" 200 16132
INFO 2026-03-31 13:44:44,080 log 36048 32612 "GET /admin/quiz/ HTTP/1.1" 200 17008
INFO 2026-03-31 13:44:44,115 log 36048 32612 "GET /static/quizapp/css/styles.css?v=1774944884 HTTP/1.1" 200 16132
INFO 2026-03-31 13:55:41,812 autoreload 31792 33668 Watching for file changes with StatReloader
INFO 2026-03-31 13:55:53,654 log 31792 38008 "GET / HTTP/1.1" 200 10592
INFO 2026-03-31 13:55:53,927 log 31792 38008 "GET /static/quizapp/css/styles.css?v=1774945553 HTTP/1.1" 200 16132
INFO 2026-03-31 13:55:57,392 log 31792 38008 "GET /admin/quiz/ HTTP/1.1" 200 16903
INFO 2026-03-31 13:55:57,420 log 31792 38008 "GET /static/quizapp/css/styles.css?v=1774945557 HTTP/1.1" 200 16132
INFO 2026-03-31 13:56:03,795 log 31792 38008 "GET /admin/quiz/audit/ HTTP/1.1" 200 8686
INFO 2026-03-31 13:56:03,827 log 31792 38008 "GET /static/quizapp/css/styles.css?v=1774945563 HTTP/1.1" 200 16132
INFO 2026-03-31 13:56:29,850 log 31792 38008 "GET /admin/quiz/upload/ HTTP/1.1" 200 13071
INFO 2026-03-31 13:56:29,893 log 31792 38008 "GET /static/quizapp/css/styles.css?v=1774945589 HTTP/1.1" 200 16132
INFO 2026-03-31 13:58:51,921 log 31792 38008 "GET /login/ HTTP/1.1" 200 8027
INFO 2026-03-31 13:58:51,963 log 31792 38008 "GET /static/quizapp/css/styles.css?v=1774945731 HTTP/1.1" 200 16132
INFO 2026-03-31 13:58:59,360 log 31792 38008 "POST /login/ HTTP/1.1" 302 0
INFO 2026-03-31 13:58:59,382 log 31792 38008 "GET / HTTP/1.1" 200 10592
INFO 2026-03-31 13:58:59,422 log 31792 38008 "GET /static/quizapp/css/styles.css?v=1774945739 HTTP/1.1" 200 16132
INFO 2026-03-31 13:59:09,630 log 31792 38008 "GET /admin/ HTTP/1.1" 200 9542
INFO 2026-03-31 13:59:16,347 log 31792 38008 "GET /admin/quiz HTTP/1.1" 301 0
INFO 2026-03-31 13:59:16,378 log 31792 38008 "GET /admin/quiz/ HTTP/1.1" 200 16903
INFO 2026-03-31 13:59:16,406 log 31792 38008 "GET /static/quizapp/css/styles.css?v=1774945756 HTTP/1.1" 200 16132
INFO 2026-03-31 13:59:47,397 log 31792 38008 "GET /admin/quiz/upload/ HTTP/1.1" 200 13071
INFO 2026-03-31 13:59:47,432 log 31792 38008 "GET /static/quizapp/css/styles.css?v=1774945787 HTTP/1.1" 200 16132
INFO 2026-03-31 14:00:27,949 log 31792 38008 "GET / HTTP/1.1" 200 10592
INFO 2026-03-31 14:00:27,989 log 31792 38008 "GET /static/quizapp/css/styles.css?v=1774945827 HTTP/1.1" 200 16132
WARNING 2026-04-08 15:46:37,251 log 32620 38844 Not Found: /quiz/18/
WARNING 2026-04-08 15:46:37,421 log 32620 38844 Forbidden: /attempt/1/save/
INFO 2026-04-09 11:43:53,956 autoreload 10520 29996 Watching for file changes with StatReloader
INFO 2026-04-09 11:44:07,503 log 10520 28756 "GET / HTTP/1.1" 200 10592
INFO 2026-04-09 11:44:07,722 log 10520 28756 "GET /static/quizapp/css/styles.css?v=1775715247 HTTP/1.1" 200 16132
WARNING 2026-04-09 11:44:11,875 log 10520 12320 Not Found: /favicon.ico
WARNING 2026-04-09 11:44:11,876 log 10520 12320 "GET /favicon.ico HTTP/1.1" 404 7221
INFO 2026-04-09 11:46:20,898 log 10520 19504 "GET /admin/ HTTP/1.1" 200 9542
INFO 2026-04-09 11:46:20,948 log 10520 19504 "GET /static/admin/css/base.css HTTP/1.1" 200 23100
INFO 2026-04-09 11:46:20,961 log 10520 19504 "GET /static/admin/css/dark_mode.css HTTP/1.1" 200 3538
INFO 2026-04-09 11:46:20,973 log 10520 36760 "GET /static/admin/css/nav_sidebar.css HTTP/1.1" 200 2810
INFO 2026-04-09 11:46:20,994 log 10520 36780 "GET /static/admin/css/responsive.css HTTP/1.1" 200 16273
INFO 2026-04-09 11:46:21,004 log 10520 36768 "GET /static/admin/css/dashboard.css HTTP/1.1" 200 441
INFO 2026-04-09 11:46:21,005 log 10520 21544 "GET /static/admin/js/theme.js HTTP/1.1" 200 1653
INFO 2026-04-09 11:46:21,051 log 10520 21544 "GET /static/admin/img/icon-addlink.svg HTTP/1.1" 200 593
INFO 2026-04-09 11:46:21,052 log 10520 36780 "GET /static/admin/img/icon-changelink.svg HTTP/1.1" 200 978
INFO 2026-04-09 11:46:21,058 log 10520 36768 "GET /static/admin/js/nav_sidebar.js HTTP/1.1" 200 3063
INFO 2026-04-09 11:46:34,531 log 10520 36768 "GET /admin/ HTTP/1.1" 200 9542
INFO 2026-04-09 11:46:41,636 log 10520 36768 "GET /admin/quiz HTTP/1.1" 301 0
INFO 2026-04-09 11:46:41,670 log 10520 36768 "GET /admin/quiz/ HTTP/1.1" 200 16903
INFO 2026-04-09 11:46:41,699 log 10520 36768 "GET /static/quizapp/css/styles.css?v=1775715401 HTTP/1.1" 200 16132
INFO 2026-04-09 11:47:10,987 log 10520 36768 "GET /admin/quiz/upload/ HTTP/1.1" 200 13071
INFO 2026-04-09 11:47:11,019 log 10520 36768 "GET /static/quizapp/css/styles.css?v=1775715430 HTTP/1.1" 200 16132
INFO 2026-04-09 12:54:24,692 log 10520 30384 "GET / HTTP/1.1" 200 10271
INFO 2026-04-09 12:54:24,771 log 10520 30384 "GET /static/quizapp/css/styles.css?v=1775719464 HTTP/1.1" 200 16132
WARNING 2026-04-09 12:54:25,512 log 10520 30384 Not Found: /favicon.ico
WARNING 2026-04-09 12:54:25,514 log 10520 30384 "GET /favicon.ico HTTP/1.1" 404 7221
INFO 2026-04-09 12:58:59,497 log 10520 23504 "GET /login/ HTTP/1.1" 200 7706
INFO 2026-04-09 12:58:59,546 log 10520 23504 "GET /static/quizapp/css/styles.css?v=1775719739 HTTP/1.1" 200 16132
INFO 2026-04-09 12:59:52,667 autoreload 10520 29996 C:\Users\Sai sidharth\quizapp\quizproject\quizapp\admin_views.py changed, reloading.
INFO 2026-04-09 12:59:58,439 autoreload 15632 8556 Watching for file changes with StatReloader
INFO 2026-04-09 13:00:11,721 autoreload 15632 8556 C:\Users\Sai sidharth\quizapp\quizproject\quizapp\services.py changed, reloading.
INFO 2026-04-09 13:00:13,100 autoreload 33952 23724 Watching for file changes with StatReloader
INFO 2026-04-09 13:00:46,618 autoreload 25024 35888 Watching for file changes with StatReloader
INFO 2026-04-09 13:03:20,678 autoreload 25024 35888 C:\Users\Sai sidharth\quizapp\quizproject\quizapp\services.py changed, reloading.
INFO 2026-04-09 13:03:20,863 autoreload 33952 23724 C:\Users\Sai sidharth\quizapp\quizproject\quizapp\services.py changed, reloading.
INFO 2026-04-09 13:03:22,105 autoreload 34952 36172 Watching for file changes with StatReloader
INFO 2026-04-09 13:03:22,210 autoreload 21924 34416 Watching for file changes with StatReloader
INFO 2026-04-09 13:03:28,072 log 34952 14400 "GET / HTTP/1.1" 200 10271
INFO 2026-04-09 13:03:28,945 log 34952 13376 "GET /static/quizapp/css/styles.css?v=1775720008 HTTP/1.1" 200 16132
WARNING 2026-04-09 13:03:30,086 log 34952 5572 Not Found: /favicon.ico
WARNING 2026-04-09 13:03:30,086 log 34952 5572 "GET /favicon.ico HTTP/1.1" 404 7221
INFO 2026-04-09 13:04:07,505 autoreload 21924 34416 C:\Users\Sai sidharth\quizapp\quizproject\quizapp\admin_views.py changed, reloading.
INFO 2026-04-09 13:04:08,746 autoreload 34304 19716 Watching for file changes with StatReloader
INFO 2026-04-09 13:04:13,555 autoreload 34304 19716 C:\Users\Sai sidharth\quizapp\quizproject\quizapp\admin_views.py changed, reloading.
INFO 2026-04-09 13:04:14,721 autoreload 8316 31264 Watching for file changes with StatReloader
INFO 2026-04-09 13:12:12,011 autoreload 14348 32744 Watching for file changes with StatReloader
INFO 2026-04-09 13:12:22,005 log 14348 3512 "GET / HTTP/1.1" 200 10271
INFO 2026-04-09 13:12:22,278 log 14348 3512 "GET /static/quizapp/css/styles.css?v=1775720541 HTTP/1.1" 200 16132
WARNING 2026-04-09 13:12:23,766 log 14348 3512 Not Found: /favicon.ico
WARNING 2026-04-09 13:12:23,767 log 14348 3512 "GET /favicon.ico HTTP/1.1" 404 7221
INFO 2026-04-09 13:12:41,943 log 14348 28976 "GET / HTTP/1.1" 200 10592
INFO 2026-04-09 13:12:42,006 log 14348 28976 "GET /static/quizapp/css/styles.css?v=1775720561 HTTP/1.1" 200 16132
INFO 2026-04-10 02:05:51,449 autoreload 36924 27068 Watching for file changes with StatReloader
INFO 2026-04-10 02:06:09,412 log 36924 30908 "GET / HTTP/1.1" 200 10592
INFO 2026-04-10 02:06:09,671 log 36924 30908 "GET /static/quizapp/css/styles.css?v=1775766969 HTTP/1.1" 200 16132
WARNING 2026-04-10 02:06:13,481 log 36924 30908 Not Found: /favicon.ico
WARNING 2026-04-10 02:06:13,482 log 36924 30908 "GET /favicon.ico HTTP/1.1" 404 7221
INFO 2026-04-10 02:07:13,878 autoreload 36616 11876 Watching for file changes with StatReloader
INFO 2026-04-10 02:07:21,656 log 36616 37176 "GET / HTTP/1.1" 200 10592
INFO 2026-04-10 02:07:21,916 log 36616 37176 "GET /static/quizapp/css/styles.css?v=1775767041 HTTP/1.1" 200 16132
WARNING 2026-04-10 02:07:25,443 log 36616 37176 Not Found: /favicon.ico
WARNING 2026-04-10 02:07:25,445 log 36616 37176 "GET /favicon.ico HTTP/1.1" 404 7221
WARNING 2026-04-10 02:08:05,434 log 36616 19504 Not Found: /favicon.ico
WARNING 2026-04-10 02:08:05,434 log 36616 19504 "GET /favicon.ico HTTP/1.1" 404 7221
INFO 2026-04-10 02:08:05,583 log 36616 36748 "GET / HTTP/1.1" 200 10271
INFO 2026-04-10 02:08:06,265 log 36616 12316 "GET /static/quizapp/css/styles.css?v=1775767085 HTTP/1.1" 200 16132
INFO 2026-04-10 02:09:27,568 log 36616 36108 "GET / HTTP/1.1" 200 10271
WARNING 2026-04-10 02:13:38,588 log 36616 36344 Not Found: /favicon.ico
WARNING 2026-04-10 02:13:38,589 log 36616 36344 "GET /favicon.ico HTTP/1.1" 404 7221
INFO 2026-04-10 02:13:41,581 log 36616 36808 "GET / HTTP/1.1" 200 10271
INFO 2026-04-10 02:13:42,331 log 36616 5728 "GET /static/quizapp/css/styles.css?v=1775767421 HTTP/1.1" 200 16132
WARNING 2026-04-10 02:14:11,863 log 36616 1552 Not Found: /favicon.ico
WARNING 2026-04-10 02:14:11,864 log 36616 1552 "GET /favicon.ico HTTP/1.1" 404 7221
INFO 2026-04-10 02:14:12,764 log 36616 5728 "GET / HTTP/1.1" 200 10271
INFO 2026-04-10 02:14:12,964 log 36616 36808 "GET /static/quizapp/css/styles.css?v=1775767452 HTTP/1.1" 200 16132
INFO 2026-04-10 02:14:23,998 log 36616 35240 "GET /signup/ HTTP/1.1" 200 8636
INFO 2026-04-10 02:14:24,551 log 36616 1552 "GET /static/quizapp/css/styles.css?v=1775767463 HTTP/1.1" 200 16132
INFO 2026-04-10 02:14:28,200 log 36616 34432 "GET /login/ HTTP/1.1" 200 7706
INFO 2026-04-10 02:14:28,382 log 36616 36808 "GET /static/quizapp/css/styles.css?v=1775767468 HTTP/1.1" 200 16132
INFO 2026-04-10 02:14:39,064 log 36616 35240 "GET /login/ HTTP/1.1" 200 7706
INFO 2026-04-10 02:14:39,456 log 36616 35240 "GET /static/quizapp/css/styles.css?v=1775767479 HTTP/1.1" 200 16132
INFO 2026-04-10 02:14:52,029 log 36616 34432 "POST /login/ HTTP/1.1" 200 7723
INFO 2026-04-10 02:14:52,213 log 36616 36344 "GET /static/quizapp/css/styles.css?v=1775767492 HTTP/1.1" 200 16132
INFO 2026-04-10 02:14:58,110 log 36616 34432 "GET /signup/ HTTP/1.1" 200 8636
INFO 2026-04-10 02:14:58,302 log 36616 36344 "GET /static/quizapp/css/styles.css?v=1775767498 HTTP/1.1" 200 16132
INFO 2026-04-10 02:15:10,448 log 36616 35100 "GET /login/ HTTP/1.1" 200 7706
INFO 2026-04-10 02:15:10,783 log 36616 5728 "GET /static/quizapp/css/styles.css?v=1775767510 HTTP/1.1" 200 16132
INFO 2026-04-10 02:15:24,064 log 36616 1552 "POST /signup/ HTTP/1.1" 302 0
INFO 2026-04-10 02:15:24,956 log 36616 27772 "GET / HTTP/1.1" 200 10677
INFO 2026-04-10 02:15:25,489 log 36616 35100 "GET /static/quizapp/css/styles.css?v=1775767524 HTTP/1.1" 200 16132
INFO 2026-04-10 02:15:33,222 log 36616 13980 "GET /admin/ HTTP/1.1" 200 9542
INFO 2026-04-10 02:15:33,285 log 36616 36400 "GET /static/admin/css/dark_mode.css HTTP/1.1" 200 3538
INFO 2026-04-10 02:15:33,290 log 36616 13980 "GET /static/admin/css/base.css HTTP/1.1" 200 23100
INFO 2026-04-10 02:15:33,291 log 36616 31152 "GET /static/admin/css/responsive.css HTTP/1.1" 200 16273
INFO 2026-04-10 02:15:33,292 log 36616 10380 "GET /static/admin/css/dashboard.css HTTP/1.1" 200 441
INFO 2026-04-10 02:15:33,293 log 36616 27268 "GET /static/admin/css/nav_sidebar.css HTTP/1.1" 200 2810
INFO 2026-04-10 02:15:33,343 log 36616 34836 "GET /static/admin/js/theme.js HTTP/1.1" 200 1653
INFO 2026-04-10 02:15:33,356 log 36616 31152 "GET /static/admin/js/nav_sidebar.js HTTP/1.1" 200 3063
INFO 2026-04-10 02:15:34,040 log 36616 31152 "GET /static/admin/img/icon-addlink.svg HTTP/1.1" 200 593
INFO 2026-04-10 02:15:34,040 log 36616 34836 "GET /static/admin/img/icon-changelink.svg HTTP/1.1" 200 978
INFO 2026-04-10 02:15:41,664 log 36616 34432 "GET / HTTP/1.1" 200 10531
INFO 2026-04-10 02:15:42,008 log 36616 36344 "GET /static/quizapp/css/styles.css?v=1775767541 HTTP/1.1" 200 16132
INFO 2026-04-10 02:15:43,266 log 36616 34836 "POST /logout/ HTTP/1.1" 302 0
INFO 2026-04-10 02:15:43,291 log 36616 34836 "GET / HTTP/1.1" 200 10271
INFO 2026-04-10 02:15:43,333 log 36616 34836 "GET /static/quizapp/css/styles.css?v=1775767543 HTTP/1.1" 200 16132
INFO 2026-04-10 02:15:49,960 log 36616 35100 "GET /quiz/144/ HTTP/1.1" 200 9126
INFO 2026-04-10 02:15:50,045 log 36616 34836 "GET /login/ HTTP/1.1" 200 7706
INFO 2026-04-10 02:15:50,094 log 36616 34836 "GET /static/quizapp/css/styles.css?v=1775767550 HTTP/1.1" 200 16132
INFO 2026-04-10 02:15:50,218 log 36616 34432 "GET /static/quizapp/css/styles.css?v=1775767549 HTTP/1.1" 200 16132
INFO 2026-04-10 02:15:53,451 log 36616 17160 "GET / HTTP/1.1" 200 10531
INFO 2026-04-10 02:15:54,127 log 36616 33308 "GET /static/quizapp/css/styles.css?v=1775767553 HTTP/1.1" 200 16132
INFO 2026-04-10 02:16:04,082 log 36616 34836 "GET / HTTP/1.1" 200 10271
INFO 2026-04-10 02:16:04,121 log 36616 34836 "GET /static/quizapp/css/styles.css?v=1775767564 HTTP/1.1" 200 16132
INFO 2026-04-10 02:16:24,297 log 36616 34836 "GET /signup/ HTTP/1.1" 200 8636
INFO 2026-04-10 02:16:24,336 log 36616 34836 "GET /static/quizapp/css/styles.css?v=1775767584 HTTP/1.1" 200 16132
INFO 2026-04-10 02:16:31,995 log 36616 37740 "GET /quiz/144/ HTTP/1.1" 200 8866
INFO 2026-04-10 02:16:32,250 log 36616 17160 "GET /static/quizapp/css/styles.css?v=1775767591 HTTP/1.1" 200 16132
INFO 2026-04-10 02:16:35,268 log 36616 33308 "GET /quiz/144/ HTTP/1.1" 200 9126
INFO 2026-04-10 02:16:35,454 log 36616 37740 "GET /static/quizapp/css/styles.css?v=1775767595 HTTP/1.1" 200 16132
INFO 2026-04-10 02:16:56,805 log 36616 31676 "GET /quiz/144/ HTTP/1.1" 200 9126
INFO 2026-04-10 02:16:57,029 log 36616 1848 "GET /static/quizapp/css/styles.css?v=1775767616 HTTP/1.1" 200 16132
INFO 2026-04-10 02:17:02,421 log 36616 15896 "GET /quiz/144/start/ HTTP/1.1" 302 0
INFO 2026-04-10 02:17:02,941 log 36616 1848 "GET /attempt/10/ HTTP/1.1" 200 29291
INFO 2026-04-10 02:17:03,414 log 36616 31676 "GET /quiz/142/ HTTP/1.1" 200 8874
INFO 2026-04-10 02:17:03,626 log 36616 36948 "GET /static/quizapp/css/styles.css?v=1775767622 HTTP/1.1" 200 16132
INFO 2026-04-10 02:17:03,707 log 36616 36948 "GET /static/quizapp/css/styles.css?v=1775767623 HTTP/1.1" 200 16132
INFO 2026-04-10 02:17:58,312 log 36616 31676 "POST /attempt/10/submit/ HTTP/1.1" 302 0
INFO 2026-04-10 02:17:58,665 log 36616 1848 "GET /attempt/10/result/ HTTP/1.1" 200 16288
INFO 2026-04-10 02:17:58,942 log 36616 36948 "GET /static/quizapp/css/styles.css?v=1775767678 HTTP/1.1" 200 16132
INFO 2026-04-10 02:19:02,100 log 36616 35224 "POST /attempt/10/submit/ HTTP/1.1" 302 0
INFO 2026-04-10 02:19:02,499 log 36616 36948 "GET /attempt/10/result/ HTTP/1.1" 200 16291
INFO 2026-04-10 02:19:03,908 log 36616 10912 "GET /static/quizapp/css/styles.css?v=1775767742 HTTP/1.1" 200 16132
WARNING 2026-04-10 02:19:20,945 log 36616 36948 Not Found: /robots.txt
WARNING 2026-04-10 02:19:20,947 log 36616 36948 "GET /robots.txt HTTP/1.1" 404 7218
WARNING 2026-04-10 02:19:25,653 log 36616 27480 Not Found: /favicon.ico
WARNING 2026-04-10 02:19:25,654 log 36616 27480 "GET /favicon.ico HTTP/1.1" 404 7221
WARNING 2026-04-10 02:19:27,500 log 36616 25124 Not Found: /favicon.ico
WARNING 2026-04-10 02:19:27,501 log 36616 25124 "GET /favicon.ico HTTP/1.1" 404 7221
INFO 2026-04-10 02:19:27,924 log 36616 15140 "GET / HTTP/1.1" 200 10271
INFO 2026-04-10 02:19:28,166 log 36616 10912 "GET /static/quizapp/css/styles.css?v=1775767767 HTTP/1.1" 200 16132
INFO 2026-04-10 02:20:13,572 log 36616 38680 "GET /?fbclid=IwZXh0bgNhZW0CMTEAc3J0YwZhcHBfaWQMMjU2MjgxMDQwNTU4AAEegDLB5x9YRpHkolxmwB0xvSlebPRDi_26M34hhsSYmRdz6cGF1_2KKaZbgKY_aem_7amf_dx3cwmkRTJUNHqMIQ HTTP/1.1" 200 10271
INFO 2026-04-10 02:21:14,187 log 36616 7004 "GET / HTTP/1.1" 200 10271
INFO 2026-04-10 02:21:14,547 log 36616 8168 "GET /static/quizapp/css/styles.css?v=1775767874 HTTP/1.1" 200 16132
INFO 2026-04-10 02:21:18,233 log 36616 36648 "GET /login/ HTTP/1.1" 200 7706
INFO 2026-04-10 02:21:18,880 log 36616 27436 "GET /static/quizapp/css/styles.css?v=1775767878 HTTP/1.1" 200 16132
INFO 2026-04-10 02:21:37,129 log 36616 33176 "POST /login/ HTTP/1.1" 302 0
INFO 2026-04-10 02:21:37,523 log 36616 38088 "GET / HTTP/1.1" 200 10592
INFO 2026-04-10 02:21:37,720 log 36616 36648 "GET /static/quizapp/css/styles.css?v=1775767897 HTTP/1.1" 200 16132
INFO 2026-04-10 02:21:48,062 log 36616 7004 "GET /admin/ HTTP/1.1" 200 9542
INFO 2026-04-10 02:21:48,232 log 36616 8168 "GET /static/admin/css/base.css HTTP/1.1" 200 23100
INFO 2026-04-10 02:21:48,245 log 36616 33176 "GET /static/admin/css/dark_mode.css HTTP/1.1" 200 3538
INFO 2026-04-10 02:21:48,246 log 36616 38088 "GET /static/admin/css/dashboard.css HTTP/1.1" 200 441
INFO 2026-04-10 02:21:48,246 log 36616 27436 "GET /static/admin/js/theme.js HTTP/1.1" 200 1653
INFO 2026-04-10 02:21:48,246 log 36616 36648 "GET /static/admin/css/responsive.css HTTP/1.1" 200 16273
INFO 2026-04-10 02:21:48,326 log 36616 38500 "GET /static/admin/css/nav_sidebar.css HTTP/1.1" 200 2810
INFO 2026-04-10 02:21:49,038 log 36616 7004 "GET /static/admin/img/icon-changelink.svg HTTP/1.1" 200 978
INFO 2026-04-10 02:21:49,114 log 36616 15292 "GET /static/admin/js/nav_sidebar.js HTTP/1.1" 200 3063
INFO 2026-04-10 02:21:49,575 log 36616 24620 "GET /static/admin/img/icon-addlink.svg HTTP/1.1" 200 593
INFO 2026-04-10 02:21:55,628 log 36616 24620 "GET /admin/quiz HTTP/1.1" 301 0
INFO 2026-04-10 02:21:55,792 log 36616 7004 "GET /admin/quiz/ HTTP/1.1" 200 16903
INFO 2026-04-10 02:21:55,968 log 36616 8168 "GET /static/quizapp/css/styles.css?v=1775767915 HTTP/1.1" 200 16132
INFO 2026-04-10 02:22:11,260 log 36616 7004 "GET /admin/quiz/audit/ HTTP/1.1" 200 8686
INFO 2026-04-10 02:22:11,399 log 36616 8168 "GET /static/quizapp/css/styles.css?v=1775767931 HTTP/1.1" 200 16132
INFO 2026-04-10 02:22:20,958 log 36616 8168 "GET /admin/quiz/audit/ HTTP/1.1" 200 8686
INFO 2026-04-10 02:22:21,108 log 36616 33176 "GET /static/quizapp/css/styles.css?v=1775767940 HTTP/1.1" 200 16132
INFO 2026-05-04 15:05:42,220 autoreload 19272 34980 Watching for file changes with StatReloader
INFO 2026-05-04 15:06:03,001 log 19272 8080 "GET / HTTP/1.1" 200 10271
INFO 2026-05-04 15:06:03,460 log 19272 8080 "GET /static/quizapp/css/styles.css?v=1777887362 HTTP/1.1" 200 16132
WARNING 2026-05-04 15:06:04,652 log 19272 8080 Not Found: /favicon.ico
WARNING 2026-05-04 15:06:04,653 log 19272 8080 "GET /favicon.ico HTTP/1.1" 404 8309
INFO 2026-05-04 15:06:12,995 log 19272 8080 "GET /login/ HTTP/1.1" 200 7706
INFO 2026-05-04 15:06:13,069 log 19272 8080 "GET /static/quizapp/css/styles.css?v=1777887372 HTTP/1.1" 200 16132
INFO 2026-05-04 15:06:31,503 log 19272 38736 "GET / HTTP/1.1" 200 10271
INFO 2026-05-04 15:06:31,725 log 19272 38736 "GET /static/quizapp/css/styles.css?v=1777887391 HTTP/1.1" 200 16132
WARNING 2026-05-04 15:06:35,488 log 19272 38736 Not Found: /favicon.ico
WARNING 2026-05-04 15:06:35,489 log 19272 38736 "GET /favicon.ico HTTP/1.1" 404 8309
INFO 2026-05-04 15:06:45,613 log 19272 38736 "GET /login/ HTTP/1.1" 200 7706
INFO 2026-05-04 15:06:45,695 log 19272 38736 "GET /static/quizapp/css/styles.css?v=1777887405 HTTP/1.1" 200 16132
INFO 2026-05-04 15:06:51,304 log 19272 38736 "POST /login/ HTTP/1.1" 302 0
INFO 2026-05-04 15:07:01,405 log 19272 38736 "GET / HTTP/1.1" 200 10592
INFO 2026-05-04 15:07:01,580 log 19272 38736 "GET /static/quizapp/css/styles.css?v=1777887421 HTTP/1.1" 200 16132
INFO 2026-05-04 15:07:25,466 log 19272 38736 "GET /admin/ HTTP/1.1" 200 9542
INFO 2026-05-04 15:07:25,567 log 19272 39576 "GET /static/admin/css/dark_mode.css HTTP/1.1" 200 3538
INFO 2026-05-04 15:07:25,575 log 19272 38736 "GET /static/admin/css/base.css HTTP/1.1" 200 23100
INFO 2026-05-04 15:07:25,578 log 19272 40280 "GET /static/admin/css/dashboard.css HTTP/1.1" 200 441
INFO 2026-05-04 15:07:25,583 log 19272 41732 "GET /static/admin/css/nav_sidebar.css HTTP/1.1" 200 2810
INFO 2026-05-04 15:07:25,642 log 19272 41256 "GET /static/admin/css/responsive.css HTTP/1.1" 200 16273
INFO 2026-05-04 15:07:25,740 log 19272 41256 "GET /static/admin/js/nav_sidebar.js HTTP/1.1" 200 3063
INFO 2026-05-04 15:07:25,744 log 19272 42244 "GET /static/admin/js/theme.js HTTP/1.1" 200 1653
INFO 2026-05-04 15:07:27,041 log 19272 42244 "GET /static/admin/img/icon-addlink.svg HTTP/1.1" 200 593
INFO 2026-05-04 15:07:27,042 log 19272 41256 "GET /static/admin/img/icon-changelink.svg HTTP/1.1" 200 978
INFO 2026-05-04 15:07:37,750 log 19272 41256 "GET /quizzes/ HTTP/1.1" 200 10203
INFO 2026-05-04 15:07:37,790 log 19272 41256 "GET /static/quizapp/css/styles.css?v=1777887457 HTTP/1.1" 200 16132
INFO 2026-05-04 15:07:42,312 log 19272 41256 "GET /admin/quiz/create/ HTTP/1.1" 200 8503
INFO 2026-05-04 15:07:42,382 log 19272 41256 "GET /static/quizapp/css/styles.css?v=1777887462 HTTP/1.1" 200 16132
INFO 2026-05-04 15:07:48,763 log 19272 41256 "POST /admin/quiz/create/ HTTP/1.1" 200 8643
INFO 2026-05-04 15:07:48,832 log 19272 41256 "GET /static/quizapp/css/styles.css?v=1777887468 HTTP/1.1" 200 16132
INFO 2026-05-04 15:07:52,805 log 19272 41256 "GET /admin/quiz/create/ HTTP/1.1" 200 8503
INFO 2026-05-04 15:07:52,841 log 19272 41256 "GET /static/quizapp/css/styles.css?v=1777887472 HTTP/1.1" 200 16132
INFO 2026-05-04 15:08:19,398 log 19272 41256 "GET /admin/ HTTP/1.1" 200 9542
